# JRE version: OpenJDK Runtime Environment (8.0_242-b01) (build 1.8.0_242-release-1644-b01)
# Java VM: OpenJDK 64-Bit Server VM (25.242-b01 mixed mode windows-amd64 compressed oops)
Heap:
 PSYoungGen      total 337408K, used 46776K [0x00000000e0000000, 0x00000000f6780000, 0x0000000100000000)
  eden space 317952K, 14% used [0x00000000e0000000,0x00000000e2dae348,0x00000000f3680000)
  from space 19456K, 0% used [0x00000000f4d80000,0x00000000f4d80000,0x00000000f6080000)
  to   space 23552K, 0% used [0x00000000f3680000,0x00000000f3680000,0x00000000f4d80000)
 ParOldGen       total 221696K, used 36419K [0x00000000a0000000, 0x00000000ad880000, 0x00000000e0000000)
  object space 221696K, 16% used [0x00000000a0000000,0x00000000a2390d08,0x00000000ad880000)
 Metaspace       used 58768K, capacity 61450K, committed 61528K, reserved 1101824K
  class space    used 8039K, capacity 8573K, committed 8576K, reserved 1048576K
GC Heap History (10 events):
Event: 2.808 GC heap before
{Heap before GC invocations=7 (full 1):
 PSYoungGen      total 141824K, used 47667K [0x00000000e0000000, 0x00000000ef200000, 0x0000000100000000)
  eden space 131072K, 28% used [0x00000000e0000000,0x00000000e2414a10,0x00000000e8000000)
  from space 10752K, 99% used [0x00000000e8000000,0x00000000e8a78498,0x00000000e8a80000)
  to   space 15360K, 0% used [0x00000000ee300000,0x00000000ee300000,0x00000000ef200000)
 ParOldGen       total 94208K, used 10001K [0x00000000a0000000, 0x00000000a5c00000, 0x00000000e0000000)
  object space 94208K, 10% used [0x00000000a0000000,0x00000000a09c4690,0x00000000a5c00000)
 Metaspace       used 34032K, capacity 35346K, committed 35456K, reserved 1079296K
  class space    used 4586K, capacity 4912K, committed 4992K, reserved 1048576K
Event: 2.812 GC heap after
Heap after GC invocations=7 (full 1):
 PSYoungGen      total 228352K, used 8537K [0x00000000e0000000, 0x00000000eef00000, 0x0000000100000000)
  eden space 216064K, 0% used [0x00000000e0000000,0x00000000e0000000,0x00000000ed300000)
  from space 12288K, 69% used [0x00000000ee300000,0x00000000eeb564e8,0x00000000eef00000)
  to   space 14336K, 0% used [0x00000000ed300000,0x00000000ed300000,0x00000000ee100000)
 ParOldGen       total 94208K, used 10009K [0x00000000a0000000, 0x00000000a5c00000, 0x00000000e0000000)
  object space 94208K, 10% used [0x00000000a0000000,0x00000000a09c6690,0x00000000a5c00000)
 Metaspace       used 34032K, capacity 35346K, committed 35456K, reserved 1079296K
  class space    used 4586K, capacity 4912K, committed 4992K, reserved 1048576K
}
Event: 2.812 GC heap before
{Heap before GC invocations=8 (full 2):
 PSYoungGen      total 228352K, used 8537K [0x00000000e0000000, 0x00000000eef00000, 0x0000000100000000)
  eden space 216064K, 0% used [0x00000000e0000000,0x00000000e0000000,0x00000000ed300000)
  from space 12288K, 69% used [0x00000000ee300000,0x00000000eeb564e8,0x00000000eef00000)
  to   space 14336K, 0% used [0x00000000ed300000,0x00000000ed300000,0x00000000ee100000)
 ParOldGen       total 94208K, used 10009K [0x00000000a0000000, 0x00000000a5c00000, 0x00000000e0000000)
  object space 94208K, 10% used [0x00000000a0000000,0x00000000a09c6690,0x00000000a5c00000)
 Metaspace       used 34032K, capacity 35346K, committed 35456K, reserved 1079296K
  class space    used 4586K, capacity 4912K, committed 4992K, reserved 1048576K
Event: 2.840 GC heap after
Heap after GC invocations=8 (full 2):
 PSYoungGen      total 228352K, used 0K [0x00000000e0000000, 0x00000000eef00000, 0x0000000100000000)
  eden space 216064K, 0% used [0x00000000e0000000,0x00000000e0000000,0x00000000ed300000)
  from space 12288K, 0% used [0x00000000ee300000,0x00000000ee300000,0x00000000eef00000)
  to   space 14336K, 0% used [0x00000000ed300000,0x00000000ed300000,0x00000000ee100000)
 ParOldGen       total 144384K, used 14895K [0x00000000a0000000, 0x00000000a8d00000, 0x00000000e0000000)
  object space 144384K, 10% used [0x00000000a0000000,0x00000000a0e8bdb0,0x00000000a8d00000)
 Metaspace       used 34032K, capacity 35346K, committed 35456K, reserved 1079296K
  class space    used 4586K, capacity 4912K, committed 4992K, reserved 1048576K
}
Event: 4.042 GC heap before
{Heap before GC invocations=9 (full 2):
 PSYoungGen      total 228352K, used 216064K [0x00000000e0000000, 0x00000000eef00000, 0x0000000100000000)
  eden space 216064K, 100% used [0x00000000e0000000,0x00000000ed300000,0x00000000ed300000)
  from space 12288K, 0% used [0x00000000ee300000,0x00000000ee300000,0x00000000eef00000)
  to   space 14336K, 0% used [0x00000000ed300000,0x00000000ed300000,0x00000000ee100000)
 ParOldGen       total 144384K, used 14895K [0x00000000a0000000, 0x00000000a8d00000, 0x00000000e0000000)
  object space 144384K, 10% used [0x00000000a0000000,0x00000000a0e8bdb0,0x00000000a8d00000)
 Metaspace       used 47180K, capacity 49454K, committed 49536K, reserved 1091584K
  class space    used 6359K, capacity 6771K, committed 6784K, reserved 1048576K
Event: 4.052 GC heap after
Heap after GC invocations=9 (full 2):
 PSYoungGen      total 230400K, used 14333K [0x00000000e0000000, 0x00000000f6080000, 0x0000000100000000)
  eden space 216064K, 0% used [0x00000000e0000000,0x00000000e0000000,0x00000000ed300000)
  from space 14336K, 99% used [0x00000000ed300000,0x00000000ee0ff4d8,0x00000000ee100000)
  to   space 19456K, 0% used [0x00000000f4d80000,0x00000000f4d80000,0x00000000f6080000)
 ParOldGen       total 144384K, used 20707K [0x00000000a0000000, 0x00000000a8d00000, 0x00000000e0000000)
  object space 144384K, 14% used [0x00000000a0000000,0x00000000a1438ee8,0x00000000a8d00000)
 Metaspace       used 47180K, capacity 49454K, committed 49536K, reserved 1091584K
  class space    used 6359K, capacity 6771K, committed 6784K, reserved 1048576K
}
Event: 4.822 GC heap before
{Heap before GC invocations=10 (full 2):
 PSYoungGen      total 230400K, used 130879K [0x00000000e0000000, 0x00000000f6080000, 0x0000000100000000)
  eden space 216064K, 53% used [0x00000000e0000000,0x00000000e71d0ac8,0x00000000ed300000)
  from space 14336K, 99% used [0x00000000ed300000,0x00000000ee0ff4d8,0x00000000ee100000)
  to   space 19456K, 0% used [0x00000000f4d80000,0x00000000f4d80000,0x00000000f6080000)
 ParOldGen       total 144384K, used 20707K [0x00000000a0000000, 0x00000000a8d00000, 0x00000000e0000000)
  object space 144384K, 14% used [0x00000000a0000000,0x00000000a1438ee8,0x00000000a8d00000)
 Metaspace       used 56473K, capacity 59052K, committed 59096K, reserved 1099776K
  class space    used 7665K, capacity 8192K, committed 8192K, reserved 1048576K
Event: 4.834 GC heap after
Heap after GC invocations=10 (full 2):
 PSYoungGen      total 337408K, used 19439K [0x00000000e0000000, 0x00000000f6780000, 0x0000000100000000)
  eden space 317952K, 0% used [0x00000000e0000000,0x00000000e0000000,0x00000000f3680000)
  from space 19456K, 99% used [0x00000000f4d80000,0x00000000f607bf30,0x00000000f6080000)
  to   space 23552K, 0% used [0x00000000f3680000,0x00000000f3680000,0x00000000f4d80000)
 ParOldGen       total 144384K, used 24780K [0x00000000a0000000, 0x00000000a8d00000, 0x00000000e0000000)
  object space 144384K, 17% used [0x00000000a0000000,0x00000000a1833240,0x00000000a8d00000)
 Metaspace       used 56473K, capacity 59052K, committed 59096K, reserved 1099776K
  class space    used 7665K, capacity 8192K, committed 8192K, reserved 1048576K
}
Event: 4.834 GC heap before
{Heap before GC invocations=11 (full 3):
 PSYoungGen      total 337408K, used 19439K [0x00000000e0000000, 0x00000000f6780000, 0x0000000100000000)
  eden space 317952K, 0% used [0x00000000e0000000,0x00000000e0000000,0x00000000f3680000)
  from space 19456K, 99% used [0x00000000f4d80000,0x00000000f607bf30,0x00000000f6080000)
  to   space 23552K, 0% used [0x00000000f3680000,0x00000000f3680000,0x00000000f4d80000)
 ParOldGen       total 144384K, used 24780K [0x00000000a0000000, 0x00000000a8d00000, 0x00000000e0000000)
  object space 144384K, 17% used [0x00000000a0000000,0x00000000a1833240,0x00000000a8d00000)
 Metaspace       used 56473K, capacity 59052K, committed 59096K, reserved 1099776K
  class space    used 7665K, capacity 8192K, committed 8192K, reserved 1048576K
Event: 4.996 GC heap after
Heap after GC invocations=11 (full 3):
 PSYoungGen      total 337408K, used 0K [0x00000000e0000000, 0x00000000f6780000, 0x0000000100000000)
  eden space 317952K, 0% used [0x00000000e0000000,0x00000000e0000000,0x00000000f3680000)
  from space 19456K, 0% used [0x00000000f4d80000,0x00000000f4d80000,0x00000000f6080000)
  to   space 23552K, 0% used [0x00000000f3680000,0x00000000f3680000,0x00000000f4d80000)
 ParOldGen       total 221696K, used 36419K [0x00000000a0000000, 0x00000000ad880000, 0x00000000e0000000)
  object space 221696K, 16% used [0x00000000a0000000,0x00000000a2390d08,0x00000000ad880000)
 Metaspace       used 56391K, capacity 58776K, committed 59096K, reserved 1099776K
  class space    used 7640K, capacity 8146K, committed 8192K, reserved 1048576K
}

